{
  "RSpec": {
    "coverage": {
      "/Users/dominicod/Turing/mod1/ic/module_1/students_and_courses/lib/course.rb": {
        "lines": [
          1,
          1,
          null,
          null,
          null,
          1,
          13,
          13,
          13,
          null,
          null,
          1,
          2,
          1,
          null,
          null,
          1,
          10,
          null,
          null
        ]
      },
      "/Users/dominicod/Turing/mod1/ic/module_1/students_and_courses/lib/student.rb": {
        "lines": [
          1,
          1,
          null,
          null,
          null,
          1,
          14,
          14,
          14,
          null,
          null,
          1,
          10,
          null,
          null,
          1,
          9,
          null,
          null
        ]
      },
      "/Users/dominicod/Turing/mod1/ic/module_1/students_and_courses/spec/grade_book_spec.rb": {
        "lines": [
          1,
          1,
          1,
          1,
          null,
          1,
          6,
          4,
          4,
          4,
          3,
          3,
          3,
          3,
          null,
          1,
          1,
          1,
          null,
          1,
          1,
          1,
          null,
          null,
          null,
          1,
          1,
          1,
          null,
          1,
          null,
          1,
          1,
          null,
          1,
          null,
          null,
          null,
          1,
          1,
          1,
          1,
          1,
          1,
          null,
          1,
          1,
          1,
          null,
          null,
          1,
          null,
          null,
          null,
          null,
          1,
          null,
          null,
          null,
          1,
          1,
          1,
          1,
          1,
          1,
          null,
          1,
          1,
          1,
          null,
          1,
          1,
          1,
          1,
          1,
          1,
          null,
          1,
          1,
          null,
          null,
          null
        ]
      },
      "/Users/dominicod/Turing/mod1/ic/module_1/students_and_courses/lib/grade_book.rb": {
        "lines": [
          1,
          1,
          null,
          null,
          1,
          5,
          5,
          null,
          null,
          1,
          9,
          null,
          null,
          1,
          3,
          12,
          3,
          null,
          null,
          1,
          null,
          null,
          null,
          null,
          null,
          null,
          null,
          null,
          null,
          null,
          null,
          null,
          null,
          2,
          14,
          null,
          null,
          null
        ]
      },
      "/Users/dominicod/Turing/mod1/ic/module_1/students_and_courses/spec/student_spec.rb": {
        "lines": [
          1,
          1,
          null,
          1,
          5,
          null,
          1,
          1,
          1,
          null,
          1,
          1,
          1,
          1,
          null,
          null,
          null,
          1,
          1,
          1,
          1,
          null,
          1,
          null,
          null,
          null,
          1,
          1,
          1,
          1,
          null,
          1,
          null,
          null,
          null
        ]
      }
    },
    "timestamp": 1659628044
  }
}
