{
  "RSpec": {
    "coverage": {
      "/Users/dominicod/Turing/mod1/ic/module_1/students_and_courses/lib/course.rb": {
        "lines": [
          1,
          1,
          null,
          null,
          null,
          1,
          4,
          4,
          4,
          null,
          null,
          1,
          2,
          1,
          null,
          null,
          1,
          2,
          null,
          null
        ]
      },
      "/Users/dominicod/Turing/mod1/ic/module_1/students_and_courses/lib/student.rb": {
        "lines": [
          1,
          1,
          null,
          null,
          null,
          1,
          6,
          6,
          6,
          null,
          null,
          1,
          4,
          null,
          null,
          1,
          1,
          null,
          null
        ]
      },
      "/Users/dominicod/Turing/mod1/ic/module_1/students_and_courses/spec/student_spec.rb": {
        "lines": [
          1,
          1,
          null,
          1,
          5,
          null,
          1,
          1,
          1,
          null,
          1,
          1,
          1,
          1,
          null,
          null,
          null,
          1,
          1,
          1,
          1,
          null,
          1,
          null,
          null,
          null,
          1,
          1,
          1,
          1,
          null,
          1,
          null,
          null,
          null
        ]
      }
    },
    "timestamp": 1659543313
  }
}
